<?xml version="1.0" encoding="UTF-8"?>
<!-- Generated by org.testng.reporters.JUnitXMLReporter -->
<testsuite hostname="Ana-PC" name="Default test" tests="4" failures="0" timestamp="27 Aug 2015 00:55:15 GMT" time="0.052" errors="0">
  <testcase name="testDuplicateNumbers" time="0.022" classname="com.test.TestSmallest"/>
  <testcase name="testNegativeNumbers" time="0.0" classname="com.test.TestSmallest"/>
  <testcase name="testPosNegNumbers" time="0.001" classname="com.test.TestSmallest"/>
  <testcase name="testPositiveNumbers" time="0.001" classname="com.test.TestSmallest"/>
</testsuite> <!-- Default test -->
